<?xml version="1.0" encoding="UTF-8"?>
<testsuite xmlns:xsi="http://www.w3.org/2001/XMLSchema-instance" xsi:noNamespaceSchemaLocation="https://maven.apache.org/surefire/maven-surefire-plugin/xsd/surefire-test-report-3.0.xsd" version="3.0" name="com.company.flink.OrderAndAggregateTest" time="0.149" tests="3" errors="0" skipped="0" failures="0">
  <properties>
    <property name="gopherProxySet" value="false"/>
    <property name="awt.toolkit" value="sun.lwawt.macosx.LWCToolkit"/>
    <property name="java.specification.version" value="11"/>
    <property name="sun.cpu.isalist" value=""/>
    <property name="sun.jnu.encoding" value="UTF-8"/>
    <property name="java.class.path" value="/Users/lukeblauvelt/Documents/sr-backend-home-assessment/flink-job/target/test-classes:/Users/lukeblauvelt/Documents/sr-backend-home-assessment/flink-job/target/classes:/Users/lukeblauvelt/.m2/repository/org/apache/flink/flink-streaming-java_2.12/1.14.6/flink-streaming-java_2.12-1.14.6.jar:/Users/lukeblauvelt/.m2/repository/org/apache/flink/flink-core/1.14.6/flink-core-1.14.6.jar:/Users/lukeblauvelt/.m2/repository/org/apache/flink/flink-annotations/1.14.6/flink-annotations-1.14.6.jar:/Users/lukeblauvelt/.m2/repository/org/apache/flink/flink-metrics-core/1.14.6/flink-metrics-core-1.14.6.jar:/Users/lukeblauvelt/.m2/repository/org/apache/flink/flink-shaded-asm-7/7.1-14.0/flink-shaded-asm-7-7.1-14.0.jar:/Users/lukeblauvelt/.m2/repository/org/apache/commons/commons-lang3/3.3.2/commons-lang3-3.3.2.jar:/Users/lukeblauvelt/.m2/repository/com/esotericsoftware/kryo/kryo/2.24.0/kryo-2.24.0.jar:/Users/lukeblauvelt/.m2/repository/com/esotericsoftware/minlog/minlog/1.2/minlog-1.2.jar:/Users/lukeblauvelt/.m2/repository/org/objenesis/objenesis/2.1/objenesis-2.1.jar:/Users/lukeblauvelt/.m2/repository/commons-collections/commons-collections/3.2.2/commons-collections-3.2.2.jar:/Users/lukeblauvelt/.m2/repository/org/apache/commons/commons-compress/1.21/commons-compress-1.21.jar:/Users/lukeblauvelt/.m2/repository/org/apache/flink/flink-file-sink-common/1.14.6/flink-file-sink-common-1.14.6.jar:/Users/lukeblauvelt/.m2/repository/org/apache/flink/flink-runtime/1.14.6/flink-runtime-1.14.6.jar:/Users/lukeblauvelt/.m2/repository/org/apache/flink/flink-rpc-core/1.14.6/flink-rpc-core-1.14.6.jar:/Users/lukeblauvelt/.m2/repository/org/apache/flink/flink-rpc-akka-loader/1.14.6/flink-rpc-akka-loader-1.14.6.jar:/Users/lukeblauvelt/.m2/repository/org/apache/flink/flink-queryable-state-client-java/1.14.6/flink-queryable-state-client-java-1.14.6.jar:/Users/lukeblauvelt/.m2/repository/org/apache/flink/flink-hadoop-fs/1.14.6/flink-hadoop-fs-1.14.6.jar:/Users/lukeblauvelt/.m2/repository/commons-io/commons-io/2.8.0/commons-io-2.8.0.jar:/Users/lukeblauvelt/.m2/repository/org/apache/flink/flink-shaded-netty/4.1.65.Final-14.0/flink-shaded-netty-4.1.65.Final-14.0.jar:/Users/lukeblauvelt/.m2/repository/org/apache/flink/flink-shaded-jackson/2.12.4-14.0/flink-shaded-jackson-2.12.4-14.0.jar:/Users/lukeblauvelt/.m2/repository/org/apache/flink/flink-shaded-zookeeper-3/3.4.14-14.0/flink-shaded-zookeeper-3-3.4.14-14.0.jar:/Users/lukeblauvelt/.m2/repository/commons-cli/commons-cli/1.3.1/commons-cli-1.3.1.jar:/Users/lukeblauvelt/.m2/repository/org/javassist/javassist/3.24.0-GA/javassist-3.24.0-GA.jar:/Users/lukeblauvelt/.m2/repository/org/xerial/snappy/snappy-java/1.1.8.3/snappy-java-1.1.8.3.jar:/Users/lukeblauvelt/.m2/repository/org/lz4/lz4-java/1.8.0/lz4-java-1.8.0.jar:/Users/lukeblauvelt/.m2/repository/org/apache/flink/flink-scala_2.12/1.14.6/flink-scala_2.12-1.14.6.jar:/Users/lukeblauvelt/.m2/repository/org/scala-lang/scala-reflect/2.12.7/scala-reflect-2.12.7.jar:/Users/lukeblauvelt/.m2/repository/org/scala-lang/scala-library/2.12.7/scala-library-2.12.7.jar:/Users/lukeblauvelt/.m2/repository/org/scala-lang/scala-compiler/2.12.7/scala-compiler-2.12.7.jar:/Users/lukeblauvelt/.m2/repository/org/scala-lang/modules/scala-xml_2.12/1.0.6/scala-xml_2.12-1.0.6.jar:/Users/lukeblauvelt/.m2/repository/com/twitter/chill_2.12/0.7.6/chill_2.12-0.7.6.jar:/Users/lukeblauvelt/.m2/repository/com/twitter/chill-java/0.7.6/chill-java-0.7.6.jar:/Users/lukeblauvelt/.m2/repository/org/apache/flink/flink-java/1.14.6/flink-java-1.14.6.jar:/Users/lukeblauvelt/.m2/repository/org/apache/flink/flink-shaded-guava/30.1.1-jre-14.0/flink-shaded-guava-30.1.1-jre-14.0.jar:/Users/lukeblauvelt/.m2/repository/org/apache/commons/commons-math3/3.5/commons-math3-3.5.jar:/Users/lukeblauvelt/.m2/repository/com/google/code/findbugs/jsr305/1.3.9/jsr305-1.3.9.jar:/Users/lukeblauvelt/.m2/repository/org/apache/flink/flink-shaded-force-shading/14.0/flink-shaded-force-shading-14.0.jar:/Users/lukeblauvelt/.m2/repository/org/apache/flink/flink-connector-kafka_2.12/1.14.6/flink-connector-kafka_2.12-1.14.6.jar:/Users/lukeblauvelt/.m2/repository/org/apache/flink/flink-connector-base/1.14.6/flink-connector-base-1.14.6.jar:/Users/lukeblauvelt/.m2/repository/org/apache/kafka/kafka-clients/2.4.1/kafka-clients-2.4.1.jar:/Users/lukeblauvelt/.m2/repository/com/github/luben/zstd-jni/1.4.3-1/zstd-jni-1.4.3-1.jar:/Users/lukeblauvelt/.m2/repository/com/fasterxml/jackson/core/jackson-databind/2.13.4/jackson-databind-2.13.4.jar:/Users/lukeblauvelt/.m2/repository/com/fasterxml/jackson/core/jackson-annotations/2.13.4/jackson-annotations-2.13.4.jar:/Users/lukeblauvelt/.m2/repository/com/fasterxml/jackson/core/jackson-core/2.13.4/jackson-core-2.13.4.jar:/Users/lukeblauvelt/.m2/repository/org/slf4j/slf4j-api/1.7.36/slf4j-api-1.7.36.jar:/Users/lukeblauvelt/.m2/repository/ch/qos/logback/logback-classic/1.2.11/logback-classic-1.2.11.jar:/Users/lukeblauvelt/.m2/repository/ch/qos/logback/logback-core/1.2.11/logback-core-1.2.11.jar:/Users/lukeblauvelt/.m2/repository/junit/junit/4.13.2/junit-4.13.2.jar:/Users/lukeblauvelt/.m2/repository/org/hamcrest/hamcrest-core/1.3/hamcrest-core-1.3.jar:"/>
    <property name="java.vm.vendor" value="Eclipse Adoptium"/>
    <property name="sun.arch.data.model" value="64"/>
    <property name="java.vendor.url" value="https://adoptium.net/"/>
    <property name="user.timezone" value=""/>
    <property name="java.vm.specification.version" value="11"/>
    <property name="os.name" value="Mac OS X"/>
    <property name="sun.java.launcher" value="SUN_STANDARD"/>
    <property name="user.country" value="US"/>
    <property name="sun.boot.library.path" value="/Library/Java/JavaVirtualMachines/temurin-11.jdk/Contents/Home/lib"/>
    <property name="sun.java.command" value="/Users/lukeblauvelt/Documents/sr-backend-home-assessment/flink-job/target/surefire/surefirebooter-20250608235134276_3.jar /Users/lukeblauvelt/Documents/sr-backend-home-assessment/flink-job/target/surefire 2025-06-08T23-51-34_227-jvmRun1 surefire-20250608235134276_1tmp surefire_0-20250608235134276_2tmp"/>
    <property name="http.nonProxyHosts" value="local|*.local|169.254/16|*.169.254/16"/>
    <property name="jdk.debug" value="release"/>
    <property name="surefire.test.class.path" value="/Users/lukeblauvelt/Documents/sr-backend-home-assessment/flink-job/target/test-classes:/Users/lukeblauvelt/Documents/sr-backend-home-assessment/flink-job/target/classes:/Users/lukeblauvelt/.m2/repository/org/apache/flink/flink-streaming-java_2.12/1.14.6/flink-streaming-java_2.12-1.14.6.jar:/Users/lukeblauvelt/.m2/repository/org/apache/flink/flink-core/1.14.6/flink-core-1.14.6.jar:/Users/lukeblauvelt/.m2/repository/org/apache/flink/flink-annotations/1.14.6/flink-annotations-1.14.6.jar:/Users/lukeblauvelt/.m2/repository/org/apache/flink/flink-metrics-core/1.14.6/flink-metrics-core-1.14.6.jar:/Users/lukeblauvelt/.m2/repository/org/apache/flink/flink-shaded-asm-7/7.1-14.0/flink-shaded-asm-7-7.1-14.0.jar:/Users/lukeblauvelt/.m2/repository/org/apache/commons/commons-lang3/3.3.2/commons-lang3-3.3.2.jar:/Users/lukeblauvelt/.m2/repository/com/esotericsoftware/kryo/kryo/2.24.0/kryo-2.24.0.jar:/Users/lukeblauvelt/.m2/repository/com/esotericsoftware/minlog/minlog/1.2/minlog-1.2.jar:/Users/lukeblauvelt/.m2/repository/org/objenesis/objenesis/2.1/objenesis-2.1.jar:/Users/lukeblauvelt/.m2/repository/commons-collections/commons-collections/3.2.2/commons-collections-3.2.2.jar:/Users/lukeblauvelt/.m2/repository/org/apache/commons/commons-compress/1.21/commons-compress-1.21.jar:/Users/lukeblauvelt/.m2/repository/org/apache/flink/flink-file-sink-common/1.14.6/flink-file-sink-common-1.14.6.jar:/Users/lukeblauvelt/.m2/repository/org/apache/flink/flink-runtime/1.14.6/flink-runtime-1.14.6.jar:/Users/lukeblauvelt/.m2/repository/org/apache/flink/flink-rpc-core/1.14.6/flink-rpc-core-1.14.6.jar:/Users/lukeblauvelt/.m2/repository/org/apache/flink/flink-rpc-akka-loader/1.14.6/flink-rpc-akka-loader-1.14.6.jar:/Users/lukeblauvelt/.m2/repository/org/apache/flink/flink-queryable-state-client-java/1.14.6/flink-queryable-state-client-java-1.14.6.jar:/Users/lukeblauvelt/.m2/repository/org/apache/flink/flink-hadoop-fs/1.14.6/flink-hadoop-fs-1.14.6.jar:/Users/lukeblauvelt/.m2/repository/commons-io/commons-io/2.8.0/commons-io-2.8.0.jar:/Users/lukeblauvelt/.m2/repository/org/apache/flink/flink-shaded-netty/4.1.65.Final-14.0/flink-shaded-netty-4.1.65.Final-14.0.jar:/Users/lukeblauvelt/.m2/repository/org/apache/flink/flink-shaded-jackson/2.12.4-14.0/flink-shaded-jackson-2.12.4-14.0.jar:/Users/lukeblauvelt/.m2/repository/org/apache/flink/flink-shaded-zookeeper-3/3.4.14-14.0/flink-shaded-zookeeper-3-3.4.14-14.0.jar:/Users/lukeblauvelt/.m2/repository/commons-cli/commons-cli/1.3.1/commons-cli-1.3.1.jar:/Users/lukeblauvelt/.m2/repository/org/javassist/javassist/3.24.0-GA/javassist-3.24.0-GA.jar:/Users/lukeblauvelt/.m2/repository/org/xerial/snappy/snappy-java/1.1.8.3/snappy-java-1.1.8.3.jar:/Users/lukeblauvelt/.m2/repository/org/lz4/lz4-java/1.8.0/lz4-java-1.8.0.jar:/Users/lukeblauvelt/.m2/repository/org/apache/flink/flink-scala_2.12/1.14.6/flink-scala_2.12-1.14.6.jar:/Users/lukeblauvelt/.m2/repository/org/scala-lang/scala-reflect/2.12.7/scala-reflect-2.12.7.jar:/Users/lukeblauvelt/.m2/repository/org/scala-lang/scala-library/2.12.7/scala-library-2.12.7.jar:/Users/lukeblauvelt/.m2/repository/org/scala-lang/scala-compiler/2.12.7/scala-compiler-2.12.7.jar:/Users/lukeblauvelt/.m2/repository/org/scala-lang/modules/scala-xml_2.12/1.0.6/scala-xml_2.12-1.0.6.jar:/Users/lukeblauvelt/.m2/repository/com/twitter/chill_2.12/0.7.6/chill_2.12-0.7.6.jar:/Users/lukeblauvelt/.m2/repository/com/twitter/chill-java/0.7.6/chill-java-0.7.6.jar:/Users/lukeblauvelt/.m2/repository/org/apache/flink/flink-java/1.14.6/flink-java-1.14.6.jar:/Users/lukeblauvelt/.m2/repository/org/apache/flink/flink-shaded-guava/30.1.1-jre-14.0/flink-shaded-guava-30.1.1-jre-14.0.jar:/Users/lukeblauvelt/.m2/repository/org/apache/commons/commons-math3/3.5/commons-math3-3.5.jar:/Users/lukeblauvelt/.m2/repository/com/google/code/findbugs/jsr305/1.3.9/jsr305-1.3.9.jar:/Users/lukeblauvelt/.m2/repository/org/apache/flink/flink-shaded-force-shading/14.0/flink-shaded-force-shading-14.0.jar:/Users/lukeblauvelt/.m2/repository/org/apache/flink/flink-connector-kafka_2.12/1.14.6/flink-connector-kafka_2.12-1.14.6.jar:/Users/lukeblauvelt/.m2/repository/org/apache/flink/flink-connector-base/1.14.6/flink-connector-base-1.14.6.jar:/Users/lukeblauvelt/.m2/repository/org/apache/kafka/kafka-clients/2.4.1/kafka-clients-2.4.1.jar:/Users/lukeblauvelt/.m2/repository/com/github/luben/zstd-jni/1.4.3-1/zstd-jni-1.4.3-1.jar:/Users/lukeblauvelt/.m2/repository/com/fasterxml/jackson/core/jackson-databind/2.13.4/jackson-databind-2.13.4.jar:/Users/lukeblauvelt/.m2/repository/com/fasterxml/jackson/core/jackson-annotations/2.13.4/jackson-annotations-2.13.4.jar:/Users/lukeblauvelt/.m2/repository/com/fasterxml/jackson/core/jackson-core/2.13.4/jackson-core-2.13.4.jar:/Users/lukeblauvelt/.m2/repository/org/slf4j/slf4j-api/1.7.36/slf4j-api-1.7.36.jar:/Users/lukeblauvelt/.m2/repository/ch/qos/logback/logback-classic/1.2.11/logback-classic-1.2.11.jar:/Users/lukeblauvelt/.m2/repository/ch/qos/logback/logback-core/1.2.11/logback-core-1.2.11.jar:/Users/lukeblauvelt/.m2/repository/junit/junit/4.13.2/junit-4.13.2.jar:/Users/lukeblauvelt/.m2/repository/org/hamcrest/hamcrest-core/1.3/hamcrest-core-1.3.jar:"/>
    <property name="sun.cpu.endian" value="little"/>
    <property name="user.home" value="/Users/lukeblauvelt"/>
    <property name="user.language" value="en"/>
    <property name="java.specification.vendor" value="Oracle Corporation"/>
    <property name="java.version.date" value="2025-04-15"/>
    <property name="java.home" value="/Library/Java/JavaVirtualMachines/temurin-11.jdk/Contents/Home"/>
    <property name="file.separator" value="/"/>
    <property name="basedir" value="/Users/lukeblauvelt/Documents/sr-backend-home-assessment/flink-job"/>
    <property name="java.vm.compressedOopsMode" value="Zero based"/>
    <property name="line.separator" value="&#10;"/>
    <property name="java.specification.name" value="Java Platform API Specification"/>
    <property name="java.vm.specification.vendor" value="Oracle Corporation"/>
    <property name="java.awt.graphicsenv" value="sun.awt.CGraphicsEnvironment"/>
    <property name="surefire.real.class.path" value="/Users/lukeblauvelt/Documents/sr-backend-home-assessment/flink-job/target/surefire/surefirebooter-20250608235134276_3.jar"/>
    <property name="sun.management.compiler" value="HotSpot 64-Bit Tiered Compilers"/>
    <property name="ftp.nonProxyHosts" value="local|*.local|169.254/16|*.169.254/16"/>
    <property name="java.runtime.version" value="11.0.27+6"/>
    <property name="user.name" value="lukeblauvelt"/>
    <property name="path.separator" value=":"/>
    <property name="os.version" value="13.1"/>
    <property name="java.runtime.name" value="OpenJDK Runtime Environment"/>
    <property name="file.encoding" value="UTF-8"/>
    <property name="java.vm.name" value="OpenJDK 64-Bit Server VM"/>
    <property name="java.vendor.version" value="Temurin-11.0.27+6"/>
    <property name="localRepository" value="/Users/lukeblauvelt/.m2/repository"/>
    <property name="java.vendor.url.bug" value="https://github.com/adoptium/adoptium-support/issues"/>
    <property name="java.io.tmpdir" value="/var/folders/nm/mtbn6v4n56lcsql0rk1b9z5m0000gn/T/"/>
    <property name="java.version" value="11.0.27"/>
    <property name="user.dir" value="/Users/lukeblauvelt/Documents/sr-backend-home-assessment/flink-job"/>
    <property name="os.arch" value="aarch64"/>
    <property name="java.vm.specification.name" value="Java Virtual Machine Specification"/>
    <property name="java.awt.printerjob" value="sun.lwawt.macosx.CPrinterJob"/>
    <property name="sun.os.patch.level" value="unknown"/>
    <property name="java.library.path" value="/Users/lukeblauvelt/Library/Java/Extensions:/Library/Java/Extensions:/Network/Library/Java/Extensions:/System/Library/Java/Extensions:/usr/lib/java:."/>
    <property name="java.vm.info" value="mixed mode"/>
    <property name="java.vendor" value="Eclipse Adoptium"/>
    <property name="java.vm.version" value="11.0.27+6"/>
    <property name="java.specification.maintenance.version" value="3"/>
    <property name="sun.io.unicode.encoding" value="UnicodeBig"/>
    <property name="java.class.version" value="55.0"/>
    <property name="socksNonProxyHosts" value="local|*.local|169.254/16|*.169.254/16"/>
  </properties>
  <testcase name="testAggregateSerialization" classname="com.company.flink.OrderAndAggregateTest" time="0.113"/>
  <testcase name="testJsonToOrderMapping" classname="com.company.flink.OrderAndAggregateTest" time="0.002"/>
  <testcase name="testOrderToJsonMapping" classname="com.company.flink.OrderAndAggregateTest" time="0.001"/>
</testsuite>